<?xml version="1.0" encoding="UTF-8"?>
<robot generator="Robot 4.1.1 (Python 3.10.0 on win32)" generated="20211105 22:38:03.545" rpa="false" schemaversion="2">
<suite id="s1" name="Get1" source="C:\Users\user\PycharmProjects\API-Automation\Get1.robot">
<test id="s1-t1" name="TC1Request">
<kw name="Create Session" library="RequestsLibrary">
<arg>Get_Tech_Details</arg>
<arg>${Url}</arg>
<doc>Create Session: create a HTTP session to a server</doc>
<msg timestamp="20211105 22:38:04.006" level="INFO">Creating Session using : alias=Get_Tech_Details, url=http://thetestingworldapi.com/, headers={},                     cookies={}, auth=None, timeout=None, proxies=None, verify=False,                     debug=0 </msg>
<status status="PASS" starttime="20211105 22:38:04.005" endtime="20211105 22:38:04.007"/>
</kw>
<kw name="GET On Session" library="RequestsLibrary">
<var>${response}</var>
<arg>Get_Tech_Details</arg>
<arg>api/technicalskills</arg>
<doc>Sends a GET request on a previously created HTTP Session.</doc>
<msg timestamp="20211105 22:38:08.045" level="INFO">GET Request : url=http://thetestingworldapi.com/api/technicalskills 
 path_url=/api/technicalskills 
 headers={'User-Agent': 'python-requests/2.26.0', 'Accept-Encoding': 'gzip, deflate', 'Accept': '*/*', 'Connection': 'keep-alive'} 
 body=None 
 </msg>
<msg timestamp="20211105 22:38:08.055" level="INFO">GET Response : url=http://thetestingworldapi.com/api/technicalskills 
 status=200, reason=OK 
 headers={'Cache-Control': 'no-cache', 'Pragma': 'no-cache', 'Content-Type': 'application/json; charset=utf-8', 'Expires': '-1', 'Server': 'Microsoft-IIS/8.5', 'X-AspNet-Version': '4.0.30319', 'X-Powered-By': 'ASP.NET', 'X-Powered-By-Plesk': 'PleskWin', 'Date': 'Fri, 05 Nov 2021 17:08:05 GMT', 'Content-Length': '1833228'} 
 body={"status":"true","data":[{"id":122,"language":["Java","Python"],"yearexp":"3","lastused":"June 2020","st_id":"346"},{"id":123,"language":["Java","Python"],"yearexp":"3","lastused":"June 2020","st_id":"346"},{"id":124,"language":["Java","Python"],"yearexp":"3","lastused":"June 2020","st_id":"346"},{"id":126,"language":["Java","Python"],"yearexp":"3","lastused":"June 2020","st_id":"346"},{"id":127,"language":["Java","Python"],"yearexp":"3","lastused":"June 2020","st_id":"346"},{"id":128,"language":["Java","Python"],"yearexp":"3","lastused":"June 2020","st_id":"346"},{"id":129,"language":["Java","Python"],"yearexp":"3","lastused":"June 2020","st_id":"346"},{"id":132,"language":["Java","Python"],"yearexp":"3","lastused":"June 2020","st_id":"346"},{"id":134,"language":["Java","Python"],"yearexp":"3","lastused":"June 2020","st_id":"346"},{"id":135,"language":["Java","Python"],"yearexp":"3","lastused":"June 2020","st_id":"346"},{"id":136,"language":["Java","Python"],"yearexp":"3","lastused":"June 2020","st_id":"346"},{"id":137,"language":["Java","Python"],"yearexp":"3","lastused":"June 2020","st_id":"346"},{"id":138,"language":["Java","Python"],"yearexp":"3","lastused":"June 2020","st_id":"346"},{"id":140,"language":["Java","Python"],"yearexp":"3","lastused":"June 2020","st_id":"346"},{"id":141,"language":["Java","Python"],"yearexp":"3","lastused":"June 2020","st_id":"346"},{"id":142,"language":["Java","Python"],"yearexp":"3","lastused":"June 2020","st_id":"346"},{"id":143,"language":["Java","Python"],"yearexp":"3","lastused":"June 2020","st_id":"346"},{"id":144,"language":["Java","Python"],"yearexp":"3","lastused":"June 2020","st_id":"346"},{"id":145,"language":["Java","Python"],"yearexp":"3","lastused":"June 2020","st_id":"346"},{"id":146,"language":["Java","Python"],"yearexp":"3","lastused":"June 2020","st_id":"346"},{"id":147,"language":["Java","Python"],"yearexp":"3","lastused":"June 2020","st_id":"346"},{"id":148,"language":["Java","Python"],"yearexp":"3","lastused":"June 2020","st_id":"346"},{"id":149,"language":["Java","Python"],"yearexp":"3","lastused":"June 2020","st_id":"346"},{"id":150,"language":["Java","Golang","Python"],"yearexp":"3","lastused":"June 2020","st_id":"346"},{"id":151,"language":["Java","Python"],"yearexp":"3","lastused":"June 2020","st_id":"346"},{"id":152,"language":["Java","Python"],"yearexp":"3","lastused":"June 2020","st_id":"346"},{"id":153,"language":["Java","Python"],"yearexp":"3","lastused":"June 2020","st_id":"346"},{"id":154,"language":["Java","Python"],"yearexp":"3","lastused":"June 2020","st_id":"346"},{"id":155,"language":["Java","Python"],"yearexp":"3","lastused":"June 2020","st_id":"346"},{"id":156,"language":["Java","Python"],"yearexp":"3","lastused":"June 2020","st_id":"346"},{"id":157,"language":["Java","Python"],"yearexp":"3","lastused":"June 2020","st_id":"346"},{"id":158,"language":["Java","Python"],"yearexp":"3","lastused":"June 2020","st_id":"346"},{"id":159,"language":["Java","Python"],"yearexp":"3","lastused":"June 2020","st_id":"346"},{"id":160,"language":["Java","Python"],"yearexp":"3","lastused":"June 2020","st_id":"346"},{"id":161,"language":["Java","Python"],"yearexp":"3","lastused":"June 2020","st_id":"346"},{"id":162,"language":["Java","Python"],"yearexp":"3","lastused":"June 2020","st_id":"346"},{"id":163,"language":["Java","Python"],"yearexp":"3","lastused":"June 2020","st_id":"346"},{"id":164,"language":["Java","Python"],"yearexp":"3","lastused":"June 2020","st_id":"346"},{"id":165,"language":["Java","Python"],"yearexp":"3","lastused":"June 2020","st_id":"346"},{"id":166,"language":["Java","Python"],"yearexp":"3","lastused":"June 2020","st_id":"346"},{"id":167,"language":["Java","Python"],"yearexp":"3","lastused":"June 2020","st_id":"346"},{"id":168,"language":["Java","Python"],"yearexp":"3","lastused":"June 2020","st_id":"346"},{"id":169,"language":["Java","Python"],"yearexp":"3","lastused":"June 2020","st_id":"346"},{"id":171,"language":["Java","Python"],"yearexp":"3","lastused":"June 2020","st_id":"346"},{"id":172,"language":["Java","Python"],"yearexp":"3","lastused":"June 2020","st_id":"346"},{"id":173,"language":["Java","Python"],"yearexp":"3","lastused":"June 2020","st_id":"346"},{"id":174,"language":["Java","Python"],"yearexp":"3","lastused":"June 2020","st_id":"346"},{"id":175,"language":["Java","Python"],"yearexp":"3","lastused":"June 2020","st_id":"346"},{"id":176,"language":["Java","Python"],"yearexp":"3","lastused":"June 2020","st_id":"346"},{"id":177,"language":["Java","Python"],"yearexp":"3","lastused":"June 2020","st_id":"346"},{"id":178,"language":["Java","Python"],"yearexp":"3","lastused":"June 2020","st_id":"346"},{"id":179,"language":["Java","Python"],"yearexp":"3","lastused":"June 2020","st_id":"346"},{"id":180,"language":["Java","Python"],"yearexp":"3","lastused":"June 2020","st_id":"346"},{"id":181,"language":["Java","Python"],"yearexp":"3","lastused":"June 2020","st_id":"346"},{"id":182,"language":["Java","Python"],"yearexp":"3","lastused":"June 2020","st_id":"346"},{"id":183,"language":["Java","Python"],"yearexp":"3","lastused":"June 2020","st_id":"346"},{"id":184,"language":["Java","Python"],"yearexp":"3","lastused":"June 2020","st_id":"346"},{"id":185,"language":["Java","Python"],"yearexp":"3","lastused":"June 2020","st_id":"346"},{"id":186,"language":["Java","Python"],"yearexp":"3","lastused":"June 2020","st_id":"346"},{"id":187,"language":["Java","Python"],"yearexp":"3","lastused":"June 2020","st_id":"346"},{"id":188,"language":["Java","Python"],"yearexp":"3","lastused":"June 2020","st_id":"346"},{"id":189,"language":["Java","Python"],"yearexp":"3","lastused":"June 2020","st_id":"346"},{"id":190,"language":["Java","Python"],"yearexp":"3","lastused":"June 2020","st_id":"346"},{"id":191,"language":["Java","Python"],"yearexp":"3","lastused":"June 2020","st_id":"346"},{"id":192,"language":["Java","Python"],"yearexp":"3","lastused":"June 2020","st_id":"346"},{"id":193,"language":["Java","Python"],"yearexp":"3","lastused":"June 2020","st_id":"346"},{"id":194,"language":["Java","Python"],"yearexp":"3","lastused":"June 2020","st_id":"346"},{"id":195,"language":["Java","Python"],"yearexp":"3","lastused":"June 2020","st_id":"346"},{"id":196,"language":["Java","Python"],"yearexp":"3","lastused":"June 2020","st_id":"346"},{"id":197,"language":["sample string 1","sample string 2"],"yearexp":"sample string 2","lastused":"sample string 3","st_id":"283"},{"id":198,"language":["Java","Python"],"yearexp":"3","lastused":"June 2020","st_id":"346"},{"id":199,"language":["Java","Python"],"yearexp":"3","lastused":"June 2020","st_id":"346"},{"id":200,"language":["Java","Python"],"yearexp":"3","lastused":"June 2020","st_id":"346"},{"id":201,"language":["Java","Python"],"yearexp":"3","lastused":"June 2020","st_id":"346"},{"id":202,"language":["Java 111","Python 222"],"yearexp":"3","lastused":"June 2020","st_id":"346"},{"id":203,"language":["Java","Python"],"yearexp":"3","lastused":"June 2020","st_id":"346"},{"id":204,"language":["Java","Python"],"yearexp":"3","lastused":"June 2020","st_id":"346"},{"id":205,"language":["Java","Python"],"yearexp":"3","lastused":"June 2020","st_id":"346"},{"id":206,"language":["Java","Python"],"yearexp":"3","lastused":"June 2020","st_id":"346"},{"id":207,"language":["Java","Python"],"yearexp":"3","lastused":"June 2020","st_id":"346"},{"id":208,"language":["Java","Python"],"yearexp":"3","lastused":"June 2020","st_id":"346"},{"id":209,"language":["Java","Python"],"yearexp":"3","lastused":"June 2020","st_id":"346"},{"id":210,"language":["Java","Python"],"yearexp":"3","lastused":"June 2020","st_id":"346"},{"id":211,"language":["Java","Python"],"yearexp":"3","lastused":"June 2020","st_id":"346"},{"id":212,"language":["Java","Python"],"yearexp":"3","lastused":"June 2020","st_id":"346"},{"id":213,"language":["Java","Python"],"yearexp":"3","lastused":"June 2020","st_id":"346"},{"id":214,"language":["Java","Python"],"yearexp":"3","lastused":"June 2020","st_id":"346"},{"id":215,"language":["Java","Python"],"yearexp":"3","lastused":"June 2020","st_id":"346"},{"id":216,"language":["Java","Python"],"yearexp":"3","lastused":"June 2020","st_id":"346"},{"id":217,"language":["Java","Python"],"yearexp":"3","lastused":"June 2020","st_id":"346"},{"id":218,"language":["Java","Python"],"yearexp":"3","lastused":"June 2020","st_id":"346"},{"id":219,"language":["Java","Python"],"yearexp":"3","lastused":"June 2020","st_id":"346"},{"id":220,"language":["Java","Python"],"yearexp":"3","lastused":"June 2020","st_id":"346"},{"id":221,"language":["Java","Python"],"yearexp":"3","lastused":"June 2020","st_id":"346"},{"id":223,"language":["Java","Python"],"yearexp":"3","lastused":"June 2020","st_id":"346"},{"id":224,"language":["Java","Python"],"yearexp":"3","lastused":"June 2020","st_id":"346"},{"id":225,"language":["Java","Python"],"yearexp":"3","lastused":"June 2020","st_id":"346"},{"id":226,"language":["Java","Python"],"yearexp":"3","lastused":"June 2020","st_id":"346"},{"id":227,"language":["Java","Python"],"yearexp":"3","lastused":"June 2020","st_id":"346"},{"id":228,"language":["Java","Python"],"yearexp":"3","lastused":"June 2020","st_id":"346"},{"id":229,"language":["Java","Python"],"yearexp":"3","lastused":"June 2020","st_id":"346"},{"id":230,"language":["Java","Python"],"yearexp":"3","lastused":"June 2020","st_id":"346"},{"id":231,"language":["Java","Python"],"yearexp":"3","lastused":"June 2020","st_id":"346"},{"id":232,"language":["Java","Python"],"yearexp":"3","lastused":"June 2020","st_id":"346"},{"id":233,"language":["Java","Python"],"yearexp":"3","lastused":"June 2020","st_id":"346"},{"id":234,"language":["Java","Python"],"yearexp":"3","lastused":"June 2020","st_id":"346"},{"id":235,"language":["Java","Python"],"yearexp":"3","lastused":"June 2020","st_id":"346"},{"id":236,"language":["Java","Python"],"yearexp":"3","lastused":"June 2020","st_id":"346"},{"id":237,"language":["Java","Python"],"yearexp":"3","lastused":"June 2020","st_id":"346"}... (set the log level to DEBUG or TRACE to see the full content) 
 </msg>
<msg timestamp="20211105 22:38:08.057" level="INFO">${response} = &lt;Response [200]&gt;</msg>
<status status="PASS" starttime="20211105 22:38:04.009" endtime="20211105 22:38:08.057"/>
</kw>
<kw name="Log To Console" library="BuiltIn">
<arg>${response.status_code}</arg>
<doc>Logs the given message to the console.</doc>
<status status="PASS" starttime="20211105 22:38:08.058" endtime="20211105 22:38:08.060"/>
</kw>
<kw name="Log To Console" library="BuiltIn">
<arg>${response.content}</arg>
<doc>Logs the given message to the console.</doc>
<status status="PASS" starttime="20211105 22:38:08.061" endtime="20211105 22:38:10.456"/>
</kw>
<status status="PASS" starttime="20211105 22:38:04.003" endtime="20211105 22:38:10.458"/>
</test>
<status status="PASS" starttime="20211105 22:38:03.550" endtime="20211105 22:38:10.468"/>
</suite>
<statistics>
<total>
<stat pass="1" fail="0" skip="0">All Tests</stat>
</total>
<tag>
</tag>
<suite>
<stat pass="1" fail="0" skip="0" id="s1" name="Get1">Get1</stat>
</suite>
</statistics>
<errors>
</errors>
</robot>
