<?xml version="1.0" encoding="UTF-8"?>
<robot generator="Robot 4.1.1 (Python 3.10.0 on win32)" generated="20211107 02:53:45.203" rpa="false" schemaversion="2">
<suite id="s1" name="ID request" source="C:\APITest\API-Automation\TestCases\ID_request.robot">
<test id="s1-t1" name="TC1_Student_ID">
<kw name="Create Session" library="RequestsLibrary">
<arg>Student_ID</arg>
<arg>${url}</arg>
<doc>Create Session: create a HTTP session to a server</doc>
<msg timestamp="20211107 02:53:45.556" level="INFO">Creating Session using : alias=Student_ID, url=http://thetestingworldapi.com/, headers={},                     cookies={}, auth=None, timeout=None, proxies=None, verify=False,                     debug=0 </msg>
<status status="PASS" starttime="20211107 02:53:45.555" endtime="20211107 02:53:45.557"/>
</kw>
<kw name="GET On Session" library="RequestsLibrary">
<var>${response}</var>
<arg>Student_ID</arg>
<arg>api/studentsDetails/${Stu_ID}</arg>
<doc>Sends a GET request on a previously created HTTP Session.</doc>
<msg timestamp="20211107 02:53:47.875" level="INFO">GET Request : url=http://thetestingworldapi.com/api/studentsDetails/526792 
 path_url=/api/studentsDetails/526792 
 headers={'User-Agent': 'python-requests/2.26.0', 'Accept-Encoding': 'gzip, deflate', 'Accept': '*/*', 'Connection': 'keep-alive'} 
 body=None 
 </msg>
<msg timestamp="20211107 02:53:47.876" level="INFO">GET Response : url=http://thetestingworldapi.com/api/studentsDetails/526792 
 status=200, reason=OK 
 headers={'Cache-Control': 'no-cache', 'Pragma': 'no-cache', 'Content-Type': 'application/json; charset=utf-8', 'Expires': '-1', 'Server': 'Microsoft-IIS/8.5', 'X-AspNet-Version': '4.0.30319', 'X-Powered-By': 'ASP.NET', 'X-Powered-By-Plesk': 'PleskWin', 'Date': 'Sat, 06 Nov 2021 21:23:47 GMT', 'Content-Length': '147'} 
 body={"status":"true","data":{"id":526792,"first_name":"Naruto","middle_name":"Banana last_name=Uzumaki","last_name":null,"date_of_birth":"12/23/2006"}} 
 </msg>
<msg timestamp="20211107 02:53:47.876" level="INFO">${response} = &lt;Response [200]&gt;</msg>
<status status="PASS" starttime="20211107 02:53:45.558" endtime="20211107 02:53:47.876"/>
</kw>
<kw name="Convert To String" library="BuiltIn">
<var>${actual_code}</var>
<arg>${response.status_code}</arg>
<doc>Converts the given item to a Unicode string.</doc>
<msg timestamp="20211107 02:53:47.881" level="INFO">${actual_code} = 200</msg>
<status status="PASS" starttime="20211107 02:53:47.878" endtime="20211107 02:53:47.881"/>
</kw>
<kw name="Should Be Equal" library="BuiltIn">
<arg>${actual_code}</arg>
<arg>200</arg>
<doc>Fails if the given objects are unequal.</doc>
<status status="PASS" starttime="20211107 02:53:47.883" endtime="20211107 02:53:47.884"/>
</kw>
<status status="PASS" starttime="20211107 02:53:45.554" endtime="20211107 02:53:47.886"/>
</test>
<status status="PASS" starttime="20211107 02:53:45.208" endtime="20211107 02:53:47.891"/>
</suite>
<statistics>
<total>
<stat pass="1" fail="0" skip="0">All Tests</stat>
</total>
<tag>
</tag>
<suite>
<stat pass="1" fail="0" skip="0" id="s1" name="ID request">ID request</stat>
</suite>
</statistics>
<errors>
</errors>
</robot>
